[    16.796] 
X.Org X Server 1.21.1.3
X Protocol Version 11, Revision 0
[    16.796] Current Operating System: Linux archbox 5.18.3-arch1-1 #1 SMP PREEMPT_DYNAMIC Thu, 09 Jun 2022 16:14:10 +0000 x86_64
[    16.796] Kernel command line: BOOT_IMAGE=/vmlinuz-linux root=UUID=fa6c0223-9edb-4847-92f1-35544d356797 rw loglevel=3 quiet
[    16.797]  
[    16.797] Current version of pixman: 0.40.0
[    16.797] 	Before reporting problems, check http://wiki.x.org
	to make sure that you have the latest version.
[    16.797] Markers: (--) probed, (**) from config file, (==) default setting,
	(++) from command line, (!!) notice, (II) informational,
	(WW) warning, (EE) error, (NI) not implemented, (??) unknown.
[    16.798] (==) Log file: "/home/pieter/.local/share/xorg/Xorg.0.log", Time: Thu Jun 16 20:46:57 2022
[    16.800] (==) Using config directory: "/etc/X11/xorg.conf.d"
[    16.800] (==) Using system config directory "/usr/share/X11/xorg.conf.d"
[    16.803] (==) No Layout section.  Using the first Screen section.
[    16.803] (==) No screen section available. Using defaults.
[    16.803] (**) |-->Screen "Default Screen Section" (0)
[    16.803] (**) |   |-->Monitor "<default monitor>"
[    16.803] (==) No monitor specified for screen "Default Screen Section".
	Using a default monitor configuration.
[    16.803] (==) Automatically adding devices
[    16.803] (==) Automatically enabling devices
[    16.803] (==) Automatically adding GPU devices
[    16.803] (==) Automatically binding GPU devices
[    16.803] (==) Max clients allowed: 256, resource mask: 0x1fffff
[    16.804] (WW) `fonts.dir' not found (or not valid) in "/usr/share/fonts/misc".
[    16.804] 	Entry deleted from font path.
[    16.804] 	(Run 'mkfontdir' on "/usr/share/fonts/misc").
[    16.805] (WW) `fonts.dir' not found (or not valid) in "/usr/share/fonts/TTF".
[    16.805] 	Entry deleted from font path.
[    16.805] 	(Run 'mkfontdir' on "/usr/share/fonts/TTF").
[    16.805] (WW) The directory "/usr/share/fonts/OTF" does not exist.
[    16.805] 	Entry deleted from font path.
[    16.805] (WW) The directory "/usr/share/fonts/Type1" does not exist.
[    16.805] 	Entry deleted from font path.
[    16.805] (WW) The directory "/usr/share/fonts/100dpi" does not exist.
[    16.805] 	Entry deleted from font path.
[    16.805] (WW) The directory "/usr/share/fonts/75dpi" does not exist.
[    16.805] 	Entry deleted from font path.
[    16.805] (==) FontPath set to:
	
[    16.806] (==) ModulePath set to "/usr/lib/xorg/modules"
[    16.806] (II) The server relies on udev to provide the list of input devices.
	If no devices become available, reconfigure udev or disable AutoAddDevices.
[    16.806] (II) Module ABI versions:
[    16.806] 	X.Org ANSI C Emulation: 0.4
[    16.806] 	X.Org Video Driver: 25.2
[    16.806] 	X.Org XInput driver : 24.4
[    16.806] 	X.Org Server Extension : 10.0
[    16.807] (++) using VT number 1

[    16.812] (II) systemd-logind: took control of session /org/freedesktop/login1/session/_31
[    16.818] (II) xfree86: Adding drm device (/dev/dri/card0)
[    16.818] (II) Platform probe for /sys/devices/pci0000:00/0000:00:02.0/drm/card0
[    16.819] (II) systemd-logind: got fd for /dev/dri/card0 226:0 fd 13 paused 0
[    16.822] (--) PCI:*(0@0:2:0) 15ad:0405:15ad:0405 rev 0, Mem @ 0xe0000000/134217728, 0xf0000000/2097152, I/O @ 0x0000d010/16, BIOS @ 0x????????/131072
[    16.822] (WW) Open ACPI failed (/var/run/acpid.socket) (No such file or directory)
[    16.822] (II) LoadModule: "glx"
[    16.826] (II) Loading /usr/lib/xorg/modules/extensions/libglx.so
[    16.847] (II) Module glx: vendor="X.Org Foundation"
[    16.847] 	compiled for 1.21.1.3, module version = 1.0.0
[    16.847] 	ABI class: X.Org Server Extension, version 10.0
[    16.847] (==) Matched vmware as autoconfigured driver 0
[    16.847] (==) Matched modesetting as autoconfigured driver 1
[    16.847] (==) Matched fbdev as autoconfigured driver 2
[    16.847] (==) Matched vesa as autoconfigured driver 3
[    16.847] (==) Assigned the driver to the xf86ConfigLayout
[    16.847] (II) LoadModule: "vmware"
[    16.847] (II) Loading /usr/lib/xorg/modules/drivers/vmware_drv.so
[    17.285] (II) Module vmware: vendor="X.Org Foundation"
[    17.285] 	compiled for 1.21.1.1, module version = 13.3.0
[    17.285] 	Module class: X.Org Video Driver
[    17.285] 	ABI class: X.Org Video Driver, version 25.2
[    17.285] (II) LoadModule: "modesetting"
[    17.285] (II) Loading /usr/lib/xorg/modules/drivers/modesetting_drv.so
[    17.293] (II) Module modesetting: vendor="X.Org Foundation"
[    17.293] 	compiled for 1.21.1.3, module version = 1.21.1
[    17.293] 	Module class: X.Org Video Driver
[    17.293] 	ABI class: X.Org Video Driver, version 25.2
[    17.293] (II) LoadModule: "fbdev"
[    17.294] (WW) Warning, couldn't open module fbdev
[    17.294] (EE) Failed to load module "fbdev" (module does not exist, 0)
[    17.294] (II) LoadModule: "vesa"
[    17.295] (WW) Warning, couldn't open module vesa
[    17.295] (EE) Failed to load module "vesa" (module does not exist, 0)
[    17.295] (II) vmware: driver for VMware SVGA: vmware0405, vmware0710
[    17.295] (II) modesetting: Driver for Modesetting Kernel Drivers: kms
[    17.295] (WW) Falling back to old probe method for modesetting
[    17.295] (WW) VGA arbiter: cannot open kernel arbiter, no multi-card support
[    17.295] (II) vmware(0): Creating default Display subsection in Screen section
	"Default Screen Section" for depth/fbbpp 24/32
[    17.295] (--) vmware(0): DRM driver version is 2.20.0
[    17.295] (==) vmware(0): Depth 24, (--) framebuffer bpp 32
[    17.295] (==) vmware(0): RGB weight 888
[    17.295] (==) vmware(0): Default visual is TrueColor
[    17.295] (--) vmware(0): Min width 1, Max Width 8192.
[    17.295] (--) vmware(0): Min height 1, Max Height 8192.
[    17.295] (II) vmware(0): Output Virtual1 has no monitor section
[    17.296] (II) vmware(0): Output Virtual2 has no monitor section
[    17.296] (II) vmware(0): Output Virtual3 has no monitor section
[    17.296] (II) vmware(0): Output Virtual4 has no monitor section
[    17.296] (II) vmware(0): Output Virtual5 has no monitor section
[    17.296] (II) vmware(0): Output Virtual6 has no monitor section
[    17.296] (II) vmware(0): Output Virtual7 has no monitor section
[    17.296] (II) vmware(0): Output Virtual8 has no monitor section
[    17.296] (II) vmware(0): Printing probed modes for output Virtual1
[    17.296] (II) vmware(0): Modeline "1440x808"x60.0   91.39  1440 1490 1540 1590  808 858 908 958 -hsync +vsync (57.5 kHz eP)
[    17.296] (II) vmware(0): Modeline "3840x2400"x60.0  592.25  3840 3888 3920 4000  2400 2403 2409 2469 +hsync -vsync (148.1 kHz e)
[    17.296] (II) vmware(0): Modeline "3840x2160"x60.0  533.00  3840 3888 3920 4000  2160 2163 2168 2222 +hsync -vsync (133.2 kHz e)
[    17.296] (II) vmware(0): Modeline "2880x1800"x59.9  337.50  2880 2928 2960 3040  1800 1803 1809 1852 +hsync -vsync (111.0 kHz e)
[    17.296] (II) vmware(0): Modeline "2560x1600"x60.0  348.50  2560 2752 3032 3504  1600 1603 1609 1658 -hsync +vsync (99.5 kHz e)
[    17.296] (II) vmware(0): Modeline "2560x1440"x60.0  241.50  2560 2608 2640 2720  1440 1443 1448 1481 +hsync -vsync (88.8 kHz e)
[    17.296] (II) vmware(0): Modeline "1920x1440"x60.0  234.00  1920 2048 2256 2600  1440 1441 1444 1500 -hsync +vsync (90.0 kHz e)
[    17.296] (II) vmware(0): Modeline "1856x1392"x60.0  218.25  1856 1952 2176 2528  1392 1393 1396 1439 -hsync +vsync (86.3 kHz e)
[    17.296] (II) vmware(0): Modeline "1792x1344"x60.0  204.75  1792 1920 2120 2448  1344 1345 1348 1394 -hsync +vsync (83.6 kHz e)
[    17.296] (II) vmware(0): Modeline "1920x1200"x59.9  193.25  1920 2056 2256 2592  1200 1203 1209 1245 -hsync +vsync (74.6 kHz e)
[    17.296] (II) vmware(0): Modeline "1920x1080"x60.0  173.00  1920 2048 2248 2576  1080 1083 1088 1120 -hsync +vsync (67.2 kHz e)
[    17.296] (II) vmware(0): Modeline "1600x1200"x60.0  162.00  1600 1664 1856 2160  1200 1201 1204 1250 +hsync +vsync (75.0 kHz e)
[    17.296] (II) vmware(0): Modeline "1680x1050"x60.0  146.25  1680 1784 1960 2240  1050 1053 1059 1089 -hsync +vsync (65.3 kHz e)
[    17.296] (II) vmware(0): Modeline "1400x1050"x60.0  121.75  1400 1488 1632 1864  1050 1053 1057 1089 -hsync +vsync (65.3 kHz e)
[    17.296] (II) vmware(0): Modeline "1280x1024"x60.0  108.00  1280 1328 1440 1688  1024 1025 1028 1066 +hsync +vsync (64.0 kHz e)
[    17.296] (II) vmware(0): Modeline "1440x900"x59.9  106.50  1440 1520 1672 1904  900 903 909 934 -hsync +vsync (55.9 kHz e)
[    17.296] (II) vmware(0): Modeline "1280x960"x60.0  108.00  1280 1376 1488 1800  960 961 964 1000 +hsync +vsync (60.0 kHz e)
[    17.296] (II) vmware(0): Modeline "1360x768"x60.0   85.50  1360 1424 1536 1792  768 771 777 795 +hsync +vsync (47.7 kHz e)
[    17.297] (II) vmware(0): Modeline "1280x800"x59.8   83.50  1280 1352 1480 1680  800 803 809 831 +hsync -vsync (49.7 kHz e)
[    17.297] (II) vmware(0): Modeline "1152x864"x75.0  108.00  1152 1216 1344 1600  864 865 868 900 +hsync +vsync (67.5 kHz e)
[    17.297] (II) vmware(0): Modeline "1280x768"x59.9   79.50  1280 1344 1472 1664  768 771 778 798 -hsync +vsync (47.8 kHz e)
[    17.297] (II) vmware(0): Modeline "1280x720"x59.9   74.50  1280 1344 1472 1664  720 723 728 748 -hsync +vsync (44.8 kHz e)
[    17.297] (II) vmware(0): Modeline "1024x768"x60.0   65.00  1024 1048 1184 1344  768 771 777 806 -hsync -vsync (48.4 kHz e)
[    17.297] (II) vmware(0): Modeline "800x600"x60.3   40.00  800 840 968 1056  600 601 605 628 +hsync +vsync (37.9 kHz e)
[    17.297] (II) vmware(0): Modeline "640x480"x59.9   25.18  640 656 752 800  480 489 492 525 -hsync -vsync (31.5 kHz e)
[    17.297] (II) vmware(0): EDID for output Virtual2
[    17.297] (II) vmware(0): EDID for output Virtual3
[    17.297] (II) vmware(0): EDID for output Virtual4
[    17.297] (II) vmware(0): EDID for output Virtual5
[    17.297] (II) vmware(0): EDID for output Virtual6
[    17.297] (II) vmware(0): EDID for output Virtual7
[    17.297] (II) vmware(0): EDID for output Virtual8
[    17.297] (II) vmware(0): Output Virtual1 connected
[    17.297] (II) vmware(0): Output Virtual2 disconnected
[    17.297] (II) vmware(0): Output Virtual3 disconnected
[    17.297] (II) vmware(0): Output Virtual4 disconnected
[    17.297] (II) vmware(0): Output Virtual5 disconnected
[    17.297] (II) vmware(0): Output Virtual6 disconnected
[    17.297] (II) vmware(0): Output Virtual7 disconnected
[    17.297] (II) vmware(0): Output Virtual8 disconnected
[    17.297] (II) vmware(0): Using exact sizes for initial modes
[    17.297] (II) vmware(0): Output Virtual1 using initial mode 1440x808 +0+0
[    17.297] (==) vmware(0): DPI set to (96, 96)
[    17.297] (==) vmware(0): Using gamma correction (1.0, 1.0, 1.0)
[    17.297] (II) Loading sub module "fb"
[    17.297] (II) LoadModule: "fb"
[    17.297] (II) Module "fb" already built-in
[    17.297] (II) Loading sub module "dri2"
[    17.297] (II) LoadModule: "dri2"
[    17.297] (II) Module "dri2" already built-in
[    17.297] (II) Loading sub module "dri3"
[    17.297] (II) LoadModule: "dri3"
[    17.297] (II) Module "dri3" already built-in
[    17.298] (II) UnloadModule: "modesetting"
[    17.298] (II) Unloading modesetting
[    17.300] (II) vmware(0): Initialized VMWARE_CTRL extension version 0.2
[    17.313] (WW) vmware(0): Failed to initialize Gallium3D Xa. No render acceleration available.
[    17.313] (WW) vmware(0): Skipped initialization of direct rendering due to lack of render acceleration.
[    17.313] (--) vmware(0): Render acceleration is disabled.
[    17.313] (==) vmware(0): Rendercheck mode is disabled.
[    17.313] (--) vmware(0): Direct rendering (DRI2 3D) is disabled.
[    17.313] (--) vmware(0): Direct rendering (DRI3 3D) is disabled.
[    17.313] (==) vmware(0): Backing store enabled
[    17.313] (==) vmware(0): Silken mouse enabled
[    17.316] (==) vmware(0): DPMS enabled
[    17.317] (II) vmware(0): No 3D acceleration. Not setting up textured video.
[    17.317] (WW) vmware(0): Disabling Xv because no adaptors could be initialized.
[    17.317] (II) Initializing extension Generic Event Extension
[    17.317] (II) Initializing extension SHAPE
[    17.317] (II) Initializing extension MIT-SHM
[    17.317] (II) Initializing extension XInputExtension
[    17.319] (II) Initializing extension XTEST
[    17.319] (II) Initializing extension BIG-REQUESTS
[    17.319] (II) Initializing extension SYNC
[    17.319] (II) Initializing extension XKEYBOARD
[    17.320] (II) Initializing extension XC-MISC
[    17.320] (II) Initializing extension SECURITY
[    17.321] (II) Initializing extension XFIXES
[    17.321] (II) Initializing extension RENDER
[    17.321] (II) Initializing extension RANDR
[    17.321] (II) Initializing extension COMPOSITE
[    17.321] (II) Initializing extension DAMAGE
[    17.322] (II) Initializing extension MIT-SCREEN-SAVER
[    17.322] (II) Initializing extension DOUBLE-BUFFER
[    17.322] (II) Initializing extension RECORD
[    17.322] (II) Initializing extension DPMS
[    17.322] (II) Initializing extension Present
[    17.322] (II) Initializing extension DRI3
[    17.322] (II) Initializing extension X-Resource
[    17.322] (II) Initializing extension XVideo
[    17.323] (II) Initializing extension XVideo-MotionCompensation
[    17.323] (II) Initializing extension GLX
[    17.323] (II) AIGLX: Screen 0 is not DRI2 capable
[    17.454] (II) IGLX: Loaded and initialized swrast
[    17.454] (II) GLX: Initialized DRISWRAST GL provider for screen 0
[    17.454] (II) Initializing extension XFree86-VidModeExtension
[    17.455] (II) Initializing extension XFree86-DGA
[    17.455] (II) Initializing extension XFree86-DRI
[    17.455] (II) Initializing extension DRI2
[    17.465] (II) vmware(0): Setting screen physical size to 381 x 213
[    17.574] (II) config/udev: Adding input device Power Button (/dev/input/event0)
[    17.574] (**) Power Button: Applying InputClass "libinput keyboard catchall"
[    17.575] (**) Power Button: Applying InputClass "system-keyboard"
[    17.575] (II) LoadModule: "libinput"
[    17.575] (II) Loading /usr/lib/xorg/modules/input/libinput_drv.so
[    17.585] (II) Module libinput: vendor="X.Org Foundation"
[    17.585] 	compiled for 1.21.1.3, module version = 1.2.1
[    17.585] 	Module class: X.Org XInput Driver
[    17.585] 	ABI class: X.Org XInput driver, version 24.4
[    17.585] (II) Using input driver 'libinput' for 'Power Button'
[    17.586] (II) systemd-logind: got fd for /dev/input/event0 13:64 fd 21 paused 0
[    17.586] (**) Power Button: always reports core events
[    17.586] (**) Option "Device" "/dev/input/event0"
[    17.630] (II) event0  - Power Button: is tagged by udev as: Keyboard
[    17.630] (II) event0  - Power Button: device is a keyboard
[    17.630] (II) event0  - Power Button: device removed
[    17.630] (**) Option "config_info" "udev:/sys/devices/LNXSYSTM:00/LNXPWRBN:00/input/input0/event0"
[    17.630] (II) XINPUT: Adding extended input device "Power Button" (type: KEYBOARD, id 6)
[    17.630] (**) Option "xkb_layout" "fr"
[    17.630] (**) Option "xkb_variant" "mac"
[    17.666] (II) event0  - Power Button: is tagged by udev as: Keyboard
[    17.666] (II) event0  - Power Button: device is a keyboard
[    17.668] (II) config/udev: Adding input device Sleep Button (/dev/input/event1)
[    17.668] (**) Sleep Button: Applying InputClass "libinput keyboard catchall"
[    17.668] (**) Sleep Button: Applying InputClass "system-keyboard"
[    17.668] (II) Using input driver 'libinput' for 'Sleep Button'
[    17.670] (II) systemd-logind: got fd for /dev/input/event1 13:65 fd 24 paused 0
[    17.670] (**) Sleep Button: always reports core events
[    17.670] (**) Option "Device" "/dev/input/event1"
[    17.671] (II) event1  - Sleep Button: is tagged by udev as: Keyboard
[    17.672] (II) event1  - Sleep Button: device is a keyboard
[    17.672] (II) event1  - Sleep Button: device removed
[    17.672] (**) Option "config_info" "udev:/sys/devices/LNXSYSTM:00/LNXSLPBN:00/input/input1/event1"
[    17.672] (II) XINPUT: Adding extended input device "Sleep Button" (type: KEYBOARD, id 7)
[    17.672] (**) Option "xkb_layout" "fr"
[    17.672] (**) Option "xkb_variant" "mac"
[    17.674] (II) event1  - Sleep Button: is tagged by udev as: Keyboard
[    17.674] (II) event1  - Sleep Button: device is a keyboard
[    17.675] (II) config/udev: Adding input device Video Bus (/dev/input/event5)
[    17.675] (**) Video Bus: Applying InputClass "libinput keyboard catchall"
[    17.675] (**) Video Bus: Applying InputClass "system-keyboard"
[    17.675] (II) Using input driver 'libinput' for 'Video Bus'
[    17.677] (II) systemd-logind: got fd for /dev/input/event5 13:69 fd 25 paused 0
[    17.677] (**) Video Bus: always reports core events
[    17.677] (**) Option "Device" "/dev/input/event5"
[    17.680] (II) event5  - Video Bus: is tagged by udev as: Keyboard
[    17.680] (II) event5  - Video Bus: device is a keyboard
[    17.680] (II) event5  - Video Bus: device removed
[    17.680] (**) Option "config_info" "udev:/sys/devices/LNXSYSTM:00/LNXSYBUS:00/PNP0A03:00/LNXVIDEO:00/input/input6/event5"
[    17.680] (II) XINPUT: Adding extended input device "Video Bus" (type: KEYBOARD, id 8)
[    17.680] (**) Option "xkb_layout" "fr"
[    17.680] (**) Option "xkb_variant" "mac"
[    17.683] (II) event5  - Video Bus: is tagged by udev as: Keyboard
[    17.683] (II) event5  - Video Bus: device is a keyboard
[    17.686] (II) config/udev: Adding input device VirtualBox mouse integration (/dev/input/event6)
[    17.686] (**) VirtualBox mouse integration: Applying InputClass "libinput pointer catchall"
[    17.686] (II) Using input driver 'libinput' for 'VirtualBox mouse integration'
[    17.688] (II) systemd-logind: got fd for /dev/input/event6 13:70 fd 26 paused 0
[    17.688] (**) VirtualBox mouse integration: always reports core events
[    17.688] (**) Option "Device" "/dev/input/event6"
[    17.690] (II) event6  - VirtualBox mouse integration: is tagged by udev as: Mouse
[    17.690] (II) event6  - VirtualBox mouse integration: device is a pointer
[    17.690] (II) event6  - VirtualBox mouse integration: device removed
[    17.690] (**) Option "config_info" "udev:/sys/devices/pci0000:00/0000:00:04.0/input/input7/event6"
[    17.690] (II) XINPUT: Adding extended input device "VirtualBox mouse integration" (type: MOUSE, id 9)
[    17.690] (**) Option "AccelerationScheme" "none"
[    17.690] (**) VirtualBox mouse integration: (accel) selected scheme none/0
[    17.690] (**) VirtualBox mouse integration: (accel) acceleration factor: 2.000
[    17.690] (**) VirtualBox mouse integration: (accel) acceleration threshold: 4
[    17.691] (II) event6  - VirtualBox mouse integration: is tagged by udev as: Mouse
[    17.692] (II) event6  - VirtualBox mouse integration: device is a pointer
[    17.692] (II) config/udev: Adding input device VirtualBox mouse integration (/dev/input/js1)
[    17.692] (II) No input driver specified, ignoring this device.
[    17.692] (II) This device may have been added with another device file.
[    17.693] (II) config/udev: Adding input device VirtualBox mouse integration (/dev/input/mouse1)
[    17.693] (II) No input driver specified, ignoring this device.
[    17.693] (II) This device may have been added with another device file.
[    17.694] (II) config/udev: Adding input device VirtualBox USB Tablet (/dev/input/event3)
[    17.694] (**) VirtualBox USB Tablet: Applying InputClass "libinput pointer catchall"
[    17.694] (II) Using input driver 'libinput' for 'VirtualBox USB Tablet'
[    17.760] (II) systemd-logind: got fd for /dev/input/event3 13:67 fd 27 paused 0
[    17.760] (**) VirtualBox USB Tablet: always reports core events
[    17.760] (**) Option "Device" "/dev/input/event3"
[    17.764] (II) event3  - VirtualBox USB Tablet: is tagged by udev as: Mouse
[    17.765] (II) event3  - VirtualBox USB Tablet: device is a pointer
[    17.765] (II) event3  - VirtualBox USB Tablet: device removed
[    17.766] (**) Option "config_info" "udev:/sys/devices/pci0000:00/0000:00:06.0/usb1/1-1/1-1:1.0/0003:80EE:0021.0001/input/input4/event3"
[    17.766] (II) XINPUT: Adding extended input device "VirtualBox USB Tablet" (type: MOUSE, id 10)
[    17.766] (**) Option "AccelerationScheme" "none"
[    17.766] (**) VirtualBox USB Tablet: (accel) selected scheme none/0
[    17.766] (**) VirtualBox USB Tablet: (accel) acceleration factor: 2.000
[    17.766] (**) VirtualBox USB Tablet: (accel) acceleration threshold: 4
[    17.769] (II) event3  - VirtualBox USB Tablet: is tagged by udev as: Mouse
[    17.769] (II) event3  - VirtualBox USB Tablet: device is a pointer
[    17.771] (II) config/udev: Adding input device VirtualBox USB Tablet (/dev/input/js0)
[    17.771] (II) No input driver specified, ignoring this device.
[    17.771] (II) This device may have been added with another device file.
[    17.772] (II) config/udev: Adding input device VirtualBox USB Tablet (/dev/input/mouse0)
[    17.772] (II) No input driver specified, ignoring this device.
[    17.772] (II) This device may have been added with another device file.
[    17.773] (II) config/udev: Adding input device AT Translated Set 2 keyboard (/dev/input/event2)
[    17.773] (**) AT Translated Set 2 keyboard: Applying InputClass "libinput keyboard catchall"
[    17.773] (**) AT Translated Set 2 keyboard: Applying InputClass "system-keyboard"
[    17.773] (II) Using input driver 'libinput' for 'AT Translated Set 2 keyboard'
[    17.776] (II) systemd-logind: got fd for /dev/input/event2 13:66 fd 28 paused 0
[    17.776] (**) AT Translated Set 2 keyboard: always reports core events
[    17.776] (**) Option "Device" "/dev/input/event2"
[    17.778] (II) event2  - AT Translated Set 2 keyboard: is tagged by udev as: Keyboard
[    17.778] (II) event2  - AT Translated Set 2 keyboard: device is a keyboard
[    17.778] (II) event2  - AT Translated Set 2 keyboard: device removed
[    17.779] (**) Option "config_info" "udev:/sys/devices/platform/i8042/serio0/input/input2/event2"
[    17.779] (II) XINPUT: Adding extended input device "AT Translated Set 2 keyboard" (type: KEYBOARD, id 11)
[    17.779] (**) Option "xkb_layout" "fr"
[    17.779] (**) Option "xkb_variant" "mac"
[    17.780] (II) event2  - AT Translated Set 2 keyboard: is tagged by udev as: Keyboard
[    17.780] (II) event2  - AT Translated Set 2 keyboard: device is a keyboard
[    17.782] (II) config/udev: Adding input device ImExPS/2 Generic Explorer Mouse (/dev/input/event7)
[    17.782] (**) ImExPS/2 Generic Explorer Mouse: Applying InputClass "libinput pointer catchall"
[    17.782] (II) Using input driver 'libinput' for 'ImExPS/2 Generic Explorer Mouse'
[    17.784] (II) systemd-logind: got fd for /dev/input/event7 13:71 fd 29 paused 0
[    17.784] (**) ImExPS/2 Generic Explorer Mouse: always reports core events
[    17.784] (**) Option "Device" "/dev/input/event7"
[    17.785] (II) event7  - ImExPS/2 Generic Explorer Mouse: is tagged by udev as: Mouse
[    17.785] (II) event7  - ImExPS/2 Generic Explorer Mouse: device is a pointer
[    17.786] (II) event7  - ImExPS/2 Generic Explorer Mouse: device removed
[    17.786] (**) Option "config_info" "udev:/sys/devices/platform/i8042/serio1/input/input8/event7"
[    17.786] (II) XINPUT: Adding extended input device "ImExPS/2 Generic Explorer Mouse" (type: MOUSE, id 12)
[    17.786] (**) Option "AccelerationScheme" "none"
[    17.786] (**) ImExPS/2 Generic Explorer Mouse: (accel) selected scheme none/0
[    17.786] (**) ImExPS/2 Generic Explorer Mouse: (accel) acceleration factor: 2.000
[    17.786] (**) ImExPS/2 Generic Explorer Mouse: (accel) acceleration threshold: 4
[    17.787] (II) event7  - ImExPS/2 Generic Explorer Mouse: is tagged by udev as: Mouse
[    17.787] (II) event7  - ImExPS/2 Generic Explorer Mouse: device is a pointer
[    17.788] (II) config/udev: Adding input device ImExPS/2 Generic Explorer Mouse (/dev/input/mouse2)
[    17.788] (II) No input driver specified, ignoring this device.
[    17.788] (II) This device may have been added with another device file.
[    17.789] (II) config/udev: Adding input device PC Speaker (/dev/input/event4)
[    17.789] (II) No input driver specified, ignoring this device.
[    17.789] (II) This device may have been added with another device file.
